Initializing license...done
Parsed command line
Creating App...
done
Initializing VBA...done
Processing shell command...
Creating New Document...
Opening normal template...done...
Loading printer information...done...
New VBA project...done...
Add first mapDone creating New Document
done
Loading extensions...done
Startup complete
Done processing shell command
Calling ApcSethWnd()...done
done
Creating New Document...
Opening normal template...done...
Loading printer information...done...
New VBA project...done...
Add first mapDone creating New Document
